<?xml version="1.0" encoding="UTF-8"?>
<!-- Generated by org.testng.reporters.JUnitReportReporter -->
<testsuite hostname="DESKTOP-S16N51Q" failures="0" tests="1" name="testng.TestScript" time="4.044" errors="0" timestamp="2025-07-21T15:27:53 IST" skipped="0">
  <testcase classname="testng.TestScript" name="clickOnBooks" time="4.044">
    <system-out>
      <![CDATA[Books page is displayed]]>
    </system-out>
  </testcase> <!-- clickOnBooks -->
  <system-out>
    <![CDATA[Books page is displayed]]>
  </system-out>
</testsuite> <!-- testng.TestScript -->
