<?xml version="1.0" encoding="UTF-8"?>
<!-- Generated by org.testng.reporters.JUnitReportReporter -->
<testsuite hostname="DESKTOP-S16N51Q" failures="0" tests="2" name="testng.ConfigurationAnnotations" time="0.017" errors="0" timestamp="2025-07-19T16:14:54 IST" skipped="0">
  <testcase classname="testng.ConfigurationAnnotations" name="demo" time="0.013">
    <system-out>
      <![CDATA[@Test(demo) executed]]>
    </system-out>
  </testcase> <!-- demo -->
  <testcase classname="testng.ConfigurationAnnotations" name="sample" time="0.004">
    <system-out>
      <![CDATA[@Test(sample) executed]]>
    </system-out>
  </testcase> <!-- sample -->
  <system-out>
    <![CDATA[@BeforeSuite
@BeforeTest
@BeforeClass
@BeforeMethod
@Test(demo) executed
@AfterMethod
@BeforeMethod
@Test(sample) executed
@AfterMethod
@AfterClass
@AfterTest
@AfterSuite]]>
  </system-out>
</testsuite> <!-- testng.ConfigurationAnnotations -->
