<?xml version="1.0" encoding="UTF-8"?>
<!-- Generated by org.testng.reporters.JUnitReportReporter -->
<testsuite hostname="DESKTOP-S16N51Q" failures="0" tests="4" name="dataprovider.LearnDataProvider" time="10.179" errors="0" timestamp="2025-07-23T16:14:06 IST" skipped="0">
  <testcase classname="dataprovider.LearnDataProvider" name="login" time="1.817"/>
  <testcase classname="dataprovider.LearnDataProvider" name="login" time="1.975"/>
  <testcase classname="dataprovider.LearnDataProvider" name="login" time="3.777"/>
  <testcase classname="dataprovider.LearnDataProvider" name="login" time="2.610"/>
</testsuite> <!-- dataprovider.LearnDataProvider -->
