<?xml version="1.0" encoding="UTF-8"?>
<!-- Generated by org.testng.reporters.JUnitReportReporter -->
<testsuite hostname="DESKTOP-S16N51Q" failures="0" tests="5" name="testng.AnnotationAttributes" time="33.425" errors="0" timestamp="2025-07-17T15:20:59 IST" skipped="1">
  <testcase classname="testng.AnnotationAttributes" name="register" time="4.296"/>
  <testcase classname="testng.AnnotationAttributes" name="register" time="6.228"/>
  <testcase classname="testng.AnnotationAttributes" name="register" time="9.699"/>
  <testcase classname="testng.AnnotationAttributes" name="register" time="13.202"/>
  <testcase classname="testng.AnnotationAttributes" name="login">
    <skipped/>
  </testcase> <!-- login -->
</testsuite> <!-- testng.AnnotationAttributes -->
