<?xml version="1.0" encoding="UTF-8"?>
<!-- Generated by org.testng.reporters.JUnitReportReporter -->
<testsuite hostname="DESKTOP-S16N51Q" failures="0" tests="3" name="testng.ToLearnTestNG" time="0.023" errors="0" timestamp="2025-07-16T15:57:26 IST" skipped="0">
  <testcase classname="testng.ToLearnTestNG" name="login" time="0.009">
    <system-out>
      <![CDATA[login testcase executed]]>
    </system-out>
  </testcase> <!-- login -->
  <testcase classname="testng.ToLearnTestNG" name="addToCart" time="0.011">
    <system-out>
      <![CDATA[addToCart executed]]>
    </system-out>
  </testcase> <!-- addToCart -->
  <testcase classname="testng.ToLearnTestNG" name="register" time="0.003">
    <system-out>
      <![CDATA[register testcase executed]]>
    </system-out>
  </testcase> <!-- register -->
  <system-out>
    <![CDATA[addToCart executed
login testcase executed
register testcase executed]]>
  </system-out>
</testsuite> <!-- testng.ToLearnTestNG -->
