<?xml version="1.0" encoding="UTF-8"?>
<!-- Generated by org.testng.reporters.JUnitReportReporter -->
<testsuite hostname="DESKTOP-S16N51Q" failures="0" tests="1" name="testng.RollsRoyce" time="8.181" errors="0" timestamp="2025-07-18T15:51:16 IST" skipped="0">
  <testcase classname="testng.RollsRoyce" name="launch" time="8.181">
    <system-out>
      <![CDATA[RollsRoyce launched]]>
    </system-out>
  </testcase> <!-- launch -->
  <system-out>
    <![CDATA[Toyota launched
Lamborghini launched
RollsRoyce launched]]>
  </system-out>
</testsuite> <!-- testng.RollsRoyce -->
