<?xml version="1.0" encoding="UTF-8"?>
<!-- Generated by org.testng.reporters.JUnitReportReporter -->
<testsuite hostname="DESKTOP-S16N51Q" failures="0" tests="1" name="assertion.LearnSoftAssert" time="6.990" errors="0" timestamp="2025-07-23T14:45:50 IST" skipped="0">
  <testcase classname="assertion.LearnSoftAssert" name="login" time="6.990"/>
</testsuite> <!-- assertion.LearnSoftAssert -->
